<?xml version="1.0" encoding="UTF-8"?>
<!-- Generated by org.testng.reporters.JUnitReportReporter -->
<testsuite hostname="SANTOSH" failures="0" tests="1" name="driverFactory.AppTest" time="1.653" errors="0" timestamp="2023-12-08T00:27:14 IST" skipped="0">
  <testcase classname="driverFactory.AppTest" name="KickStart" time="1.653"/>
</testsuite> <!-- driverFactory.AppTest -->
