<?xml version="1.0" encoding="UTF-8"?>
<!-- Generated by org.testng.reporters.JUnitReportReporter -->
<testsuite hostname="SANTOSH" failures="0" tests="1" name="driverFactory.AppTest" time="122.526" errors="0" timestamp="2023-12-13T12:53:45 IST" skipped="0">
  <testcase classname="driverFactory.AppTest" name="KickStart" time="122.526">
    <system-out>
      <![CDATA[DEVIALPANDA    DEVIALPANDA
Supplier-00000000291  Supplier-00000000291
Customer-00000000138  Customer-00000000138]]>
    </system-out>
  </testcase> <!-- KickStart -->
  <system-out>
    <![CDATA[DEVIALPANDA    DEVIALPANDA
Supplier-00000000291  Supplier-00000000291
Customer-00000000138  Customer-00000000138]]>
  </system-out>
</testsuite> <!-- driverFactory.AppTest -->
